fn_get_instructor_lesson_counts_above_threshold(2)

"Instructor Id"	"First name"	"Last name"	"No. of Lessons"
25	"Anna"	"Andersson"	4
26	"Björn"	"Borg"	4
27	"Karin"	"Karlsson"	4
28	"Göran"	"Gustafsson"	3
29	"Petra"	"Petterson"	2

\begin{table}[h]
\centering
\begin{tabular}{|l|l|l|l|}
\hline
Instructor Id & First name & Last name   & No. of Lessons \\ \hline
25            & Anna       & Andersson   & 4              \\
26            & Björn      & Borg        & 4              \\
27            & Karin      & Karlsson    & 4              \\
28            & Göran      & Gustafsson  & 3              \\
29            & Petra      & Petterson   & 2              \\ \hline
\end{tabular}
\caption{Instructor Information}
\label{table:instructor_information}
\end{table}

